--- ./convert.py	(original)
+++ ./convert.py	(refactored)
@@ -20,7 +20,7 @@
 
 
 try:
-  import oasa
+  from . import oasa
 except ImportError:
   print("Sorry, but Python 2.6 or higher is required for OASA.")
 
--- ./test.py	(original)
+++ ./test.py	(refactored)
@@ -1,6 +1,6 @@
 
 
-import oasa
+from . import oasa
 #print(oasa.CAIRO_AVAILABLE)
 
 def cairo_out_test2():
--- ./unittests.py	(original)
+++ ./unittests.py	(refactored)
@@ -19,9 +19,9 @@
 
 import unittest
 
-from oasa import linear_formula
-from oasa import smiles
-from oasa.molecule import equals
+from .oasa import linear_formula
+from .oasa import smiles
+from .oasa.molecule import equals
 
 
 
@@ -205,7 +205,7 @@
 
 ## Reaction test
 
-from oasa import reaction
+from .oasa import reaction
 
 class TestReactionComponent(unittest.TestCase):
 
--- ./oasa/pybel_bridge.py	(original)
+++ ./oasa/pybel_bridge.py	(refactored)
@@ -203,7 +203,7 @@
   pmol = pybel.readstring("smi", "CC(=O)O")
   omol = PybelConverter.pybel_to_oasa_molecule( pmol)
   print(omol)
-  import smiles
+  from . import smiles
   c = smiles.converter()
   print(c.mols_to_text([omol]))
 
@@ -211,7 +211,7 @@
   #print(get_supported_output_formats())
 
   if False:
-    import molfile
+    from . import molfile
     with open("tbu-benzen.mol", 'r') as f:
       mol = molfile.file_to_mol(f)
 
--- ./oasa/coords_generator.py	(original)
+++ ./oasa/coords_generator.py	(refactored)
@@ -19,7 +19,7 @@
 
 
 
-import misc
+from . import misc
 import warnings
 
 from math import pi, sqrt, sin, cos
@@ -523,8 +523,8 @@
 
 if __name__ == '__main__':
 
-  import smiles
-  from molecule import molecule
+  from . import smiles
+  from .molecule import molecule
 
   #sm = "CP(c1ccccc1)(c2ccccc2)c3ccccc3"
   #sm = 'C1CC2C1CCCC3C2CC(CCC4)C4C3'
--- ./oasa/coords_optimizer.py	(original)
+++ ./oasa/coords_optimizer.py	(refactored)
@@ -19,7 +19,7 @@
 
 
 
-import misc
+from . import misc
 import warnings
 
 from math import pi, sqrt, sin, cos, atan2
